[2025-04-09 08:19:46] SUCCESS: Correo de confirmación enviado para el pedido #TEST-1744179584
[2025-04-09 08:21:44] SUCCESS: Correo de confirmación enviado para el pedido #TEST-1744179702
[2025-04-09 08:21:45] SUCCESS: Correo de confirmación enviado para el pedido #TEST-1744179702
[2025-04-09 08:22:41] SUCCESS: Correo de confirmación enviado para el pedido #TEST-1744179759
[2025-04-09 08:22:42] SUCCESS: Correo de confirmación enviado para el pedido #TEST-1744179759
[2025-04-09 08:23:26] SUCCESS: Correo de confirmación enviado para el pedido #TEST-1744179804
[2025-04-09 08:23:28] SUCCESS: Correo de confirmación enviado para el pedido #TEST-1744179804
[2025-04-09 08:23:33] SUCCESS: Correo de confirmación enviado para el pedido #TEST-1744179811
[2025-04-09 08:23:34] SUCCESS: Correo de confirmación enviado para el pedido #TEST-1744179811
[2025-04-09 08:24:25] SUCCESS: Correo de confirmación enviado para el pedido #9
[2025-04-09 08:26:40] SUCCESS: Correo de confirmación enviado para el pedido #10
[2025-04-09 08:31:37] SUCCESS: Correo de confirmación enviado para el pedido #11
[2025-04-09 08:34:45] SUCCESS: Correo de confirmación enviado para el pedido #12
[2025-04-09 08:36:40] SUCCESS: Correo de confirmación enviado para el pedido #13
[2025-04-09 08:38:04] SUCCESS: Correo de confirmación enviado para el pedido #14
[2025-04-09 08:42:07] SUCCESS: Correo de confirmación enviado para el pedido #15
[2025-04-09 08:47:19] SUCCESS: Correo de confirmación enviado para el pedido #16
[2025-04-09 08:51:21] SUCCESS: Correo de confirmación enviado para el pedido #17
[2025-04-09 18:01:35] SUCCESS: Correo de confirmación enviado para el pedido #18
[2025-04-09 18:02:50] SUCCESS: Correo de confirmación enviado para el pedido #19
[2025-04-09 18:19:31] ERROR: Error en la configuración del mailer: Invalid address:  (From): 
[2025-04-09 18:29:22] ERROR: Error en la configuración del mailer: Invalid address:  (From): 
[2025-04-09 20:14:06] ERROR: Error al enviar correo de confirmación: SMTP Error: Could not connect to SMTP host. Failed to connect to server
[2025-04-09 20:14:25] ERROR: Error al enviar notificación al administrador: SMTP Error: Could not connect to SMTP host. Failed to connect to server
[2025-04-09 20:14:34] ERROR: Error al enviar correo de confirmación: SMTP Error: Could not connect to SMTP host. Failed to connect to server
[2025-04-09 20:14:52] ERROR: Error al enviar notificación al administrador: SMTP Error: Could not connect to SMTP host. Failed to connect to server
[2025-04-09 20:16:14] ERROR: Error al enviar correo de confirmación: SMTP Error: Could not connect to SMTP host. Failed to connect to server
[2025-04-09 20:16:33] ERROR: Error al enviar notificación al administrador: SMTP Error: Could not connect to SMTP host. Failed to connect to server
[2025-04-09 20:17:30] ERROR: Error al enviar correo de confirmación: SMTP Error: Could not connect to SMTP host. Failed to connect to server
[2025-04-09 20:17:48] ERROR: Error al enviar notificación al administrador: SMTP Error: Could not connect to SMTP host. Failed to connect to server
[2025-04-09 20:21:08] ERROR: Error en la configuración del mailer: Invalid address:  (From): 
[2025-04-09 20:28:15] ERROR: Error en la configuración del mailer: Invalid address:  (From): 
[2025-04-09 20:29:22] ERROR: Error en la configuración del mailer: Invalid address:  (From): 
[2025-04-09 20:30:15] ERROR: Error en la configuración del mailer: Invalid address:  (From): 
[2025-04-09 20:31:01] ERROR: Error en la configuración del mailer: Invalid address:  (From): 
[2025-04-09 20:47:21] ERROR: Error en la configuración del mailer: Invalid address:  (From): 
[2025-04-09 21:04:06] ERROR: Error en la configuración del mailer: Invalid address:  (From): 
[2025-04-09 21:08:46] ERROR: Error en la configuración del mailer: Invalid address:  (From): 
[2025-04-09 21:09:55] ERROR: Error en la configuración del mailer: Invalid address:  (From): 
[2025-04-09 21:10:46] ERROR: Error en la configuración del mailer: Invalid address:  (From): 
[2025-04-09 21:16:33] ERROR: Error en la configuración del mailer: Invalid address:  (From): 
[2025-04-09 21:30:54] ERROR: Error en la configuración del mailer: Invalid address:  (From): 
[2025-04-09 21:31:52] ERROR: Error en la configuración del mailer: Invalid address:  (From): 
[2025-04-09 21:35:22] ERROR: Error en la configuración del mailer: Invalid address:  (From): 
[2025-04-09 21:44:06] ERROR: Error en la configuración del mailer: Invalid address:  (From): 
[2025-04-09 21:45:00] ERROR: Error en la configuración del mailer: Invalid address:  (From): 
[2025-04-09 21:46:18] ERROR: Error en la configuración del mailer: Invalid address:  (From): 
[2025-04-09 21:57:35] ERROR: Error en la configuración del mailer: Invalid address:  (From): 
[2025-04-09 21:58:57] ERROR: Error en la configuración del mailer: Invalid address:  (From): 
[2025-04-09 22:14:24] ERROR: Error en la configuración del mailer: Invalid address:  (From): 
[2025-04-09 22:16:08] ERROR: Error en la configuración del mailer: Invalid address:  (From): 
[2025-04-09 22:17:45] ERROR: Error en la configuración del mailer: Invalid address:  (From): 
[2025-04-09 22:23:04] ERROR: Error en la configuración del mailer: Invalid address:  (From): 
[2025-04-09 22:25:50] ERROR: Error en la configuración del mailer: Invalid address:  (From): 
[2025-04-09 22:30:33] ERROR: Error en la configuración del mailer: Invalid address:  (From): 
[2025-04-09 22:35:30] ERROR: Error en la configuración del mailer: Invalid address:  (From): 
[2025-04-09 22:48:49] ERROR: Error en la configuración del mailer: Invalid address:  (From): 
[2025-04-09 22:58:40] ERROR: Error en la configuración del mailer: Invalid address:  (From): 
[2025-04-09 23:02:18] ERROR: Error en la configuración del mailer: Invalid address:  (From): 
[2025-04-09 23:04:35] ERROR: Error en la configuración del mailer: Invalid address:  (From): 
[2025-04-09 23:05:47] ERROR: Error en la configuración del mailer: Invalid address:  (From): 
[2025-04-09 23:08:11] ERROR: Error en la configuración del mailer: Invalid address:  (From): 
[2025-04-09 23:12:10] ERROR: Error en la configuración del mailer: Invalid address:  (From): 
[2025-04-09 23:16:01] ERROR: Error en la configuración del mailer: Invalid address:  (From): 
[2025-04-09 23:19:46] ERROR: Error en la configuración del mailer: Invalid address:  (From): 
[2025-04-09 23:20:54] ERROR: Error en la configuración del mailer: Invalid address:  (From): 
[2025-04-09 23:26:15] ERROR: Error en la configuración del mailer: Invalid address:  (From): 
[2025-04-09 23:27:30] ERROR: Error en la configuración del mailer: Invalid address:  (From): 
[2025-04-09 23:33:36] ERROR: Error en la configuración del mailer: Invalid address:  (From): 
[2025-04-09 23:34:47] ERROR: Error en la configuración del mailer: Invalid address:  (From): 
[2025-04-09 23:38:13] ERROR: Error en la configuración del mailer: Invalid address:  (From): 
[2025-04-09 23:39:22] ERROR: Error en la configuración del mailer: Invalid address:  (From): 
[2025-04-09 23:43:15] ERROR: Error en la configuración del mailer: Invalid address:  (From): 
[2025-04-09 23:48:27] ERROR: Error en la configuración del mailer: Invalid address:  (From): 
[2025-04-09 23:50:59] ERROR: Error en la configuración del mailer: Invalid address:  (From): 
[2025-04-09 23:53:04] ERROR: Error en la configuración del mailer: Invalid address:  (From): 
[2025-04-09 23:56:21] ERROR: Error en la configuración del mailer: Invalid address:  (From): 
[2025-04-10 00:00:05] ERROR: Error en la configuración del mailer: Invalid address:  (From): 
[2025-04-10 00:01:39] ERROR: Error en la configuración del mailer: Invalid address:  (From): 
[2025-04-10 00:04:12] ERROR: Error en la configuración del mailer: Invalid address:  (From): 
[2025-04-10 00:09:12] ERROR: Error en la configuración del mailer: Invalid address:  (From): 
[2025-04-10 00:10:27] ERROR: Error en la configuración del mailer: Invalid address:  (From): 
[2025-04-10 00:11:47] ERROR: Error en la configuración del mailer: Invalid address:  (From): 
[2025-04-10 00:12:16] ERROR: Error en la configuración del mailer: Invalid address:  (From): 
[2025-04-10 00:17:35] ERROR: Error en la configuración del mailer: Invalid address:  (From): 
[2025-04-10 00:19:04] ERROR: Error en la configuración del mailer: Invalid address:  (From): 
[2025-04-10 00:22:56] ERROR: Error en la configuración del mailer: Invalid address:  (From): 
[2025-04-10 01:36:04] ERROR: Usando dirección de correo remitente por defecto porque from_email no está configurado.
[2025-04-10 01:36:04] ERROR: Error al enviar correo de confirmación: SMTP Error: Could not connect to SMTP host. Failed to connect to server
[2025-04-10 01:36:04] ERROR: Error al enviar notificación al administrador: SMTP Error: Could not connect to SMTP host. Failed to connect to server
[2025-04-10 02:06:11] ERROR: Error en la configuración del mailer: Invalid address:  (From): 
[2025-04-10 02:07:06] ERROR: Error en la configuración del mailer: Invalid address:  (From): 
[2025-04-10 06:23:16] ERROR: Error en la configuración del mailer: Invalid address:  (From): 
[2025-04-10 06:32:11] ERROR: Error en la configuración del mailer: Invalid address:  (From): 
[2025-04-10 06:34:12] ERROR: Error en la configuración del mailer: Invalid address:  (From): 
[2025-04-10 06:36:49] ERROR: Error en la configuración del mailer: Invalid address:  (From): 
[2025-04-10 06:51:40] ERROR: Error en la configuración del mailer: Invalid address:  (From): 
[2025-04-10 06:53:28] ERROR: Error en la configuración del mailer: Invalid address:  (From): 
[2025-04-10 07:06:58] ERROR: Error en la configuración del mailer: Invalid address:  (From): 
[2025-04-10 07:22:40] ERROR: Error en la configuración del mailer: Invalid address:  (From): 
[2025-04-10 07:26:45] ERROR: Error en la configuración del mailer: Invalid address:  (From): 
[2025-04-10 07:33:28] ERROR: Error en la configuración del mailer: Invalid address:  (From): 
[2025-04-10 07:39:03] ERROR: Error en la configuración del mailer: Invalid address:  (From): 
[2025-04-10 07:43:01] ERROR: Error en la configuración del mailer: Invalid address:  (From): 
[2025-04-10 07:45:27] ERROR: Error en la configuración del mailer: Invalid address:  (From): 
[2025-04-10 07:49:59] ERROR: Error en la configuración del mailer: Invalid address:  (From): 
[2025-04-10 08:11:58] ERROR: Error en la configuración del mailer: Invalid address:  (From): 
[2025-04-10 08:16:54] ERROR: Error en la configuración del mailer: Invalid address:  (From): 
[2025-04-10 08:22:56] ERROR: Error en la configuración del mailer: Invalid address:  (From): 
[2025-04-10 08:33:22] ERROR: Error en la configuración del mailer: Invalid address:  (From): 
[2025-04-10 08:34:13] ERROR: Error en la configuración del mailer: Invalid address:  (From): 
[2025-04-10 08:44:37] ERROR: Error en la configuración del mailer: Invalid address:  (From): 
[2025-04-10 08:56:05] ERROR: Error en la configuración del mailer: Invalid address:  (From): 
[2025-04-10 09:01:53] ERROR: Error en la configuración del mailer: Invalid address:  (From): 
[2025-04-10 09:19:34] ERROR: Error en la configuración del mailer: Invalid address:  (From): 
[2025-04-10 09:21:46] ERROR: Error en la configuración del mailer: Invalid address:  (From): 
[2025-04-10 09:39:19] ERROR: Error en la configuración del mailer: Invalid address:  (From): 
[2025-04-10 09:41:36] ERROR: Error en la configuración del mailer: Invalid address:  (From): 
[2025-04-10 09:45:25] ERROR: Error en la configuración del mailer: Invalid address:  (From): 
[2025-04-10 09:58:15] ERROR: Error en la configuración del mailer: Invalid address:  (From): 
[2025-04-10 10:05:17] ERROR: Error en la configuración del mailer: Invalid address:  (From): 
[2025-04-10 19:37:45] ERROR: Error en la configuración del mailer: Invalid address:  (From): 
[2025-04-10 19:42:21] ERROR: Error en la configuración del mailer: Invalid address:  (From): 
[2025-04-10 20:00:29] ERROR: Error en la configuración del mailer: Invalid address:  (From): 
[2025-04-10 20:03:43] ERROR: Error en la configuración del mailer: Invalid address:  (From): 
[2025-04-10 20:07:37] ERROR: Error en la configuración del mailer: Invalid address:  (From): 
[2025-04-10 20:12:04] ERROR: Error en la configuración del mailer: Invalid address:  (From): 
[2025-04-10 20:15:30] ERROR: Error en la configuración del mailer: Invalid address:  (From): 
[2025-04-10 20:23:04] ERROR: Error en la configuración del mailer: Invalid address:  (From): 
[2025-04-10 20:25:37] ERROR: Error en la configuración del mailer: Invalid address:  (From): 
[2025-04-10 20:29:36] ERROR: Error en la configuración del mailer: Invalid address:  (From): 
[2025-04-10 20:32:49] ERROR: Error en la configuración del mailer: Invalid address:  (From): 
[2025-04-10 20:34:15] ERROR: Error en la configuración del mailer: Invalid address:  (From): 
[2025-04-10 20:35:58] ERROR: Error en la configuración del mailer: Invalid address:  (From): 
[2025-04-10 20:39:19] ERROR: Error en la configuración del mailer: Invalid address:  (From): 
[2025-04-10 20:42:27] ERROR: Error en la configuración del mailer: Invalid address:  (From): 
[2025-04-10 20:43:59] ERROR: Error en la configuración del mailer: Invalid address:  (From): 
[2025-04-10 20:50:08] ERROR: Error en la configuración del mailer: Invalid address:  (From): 
[2025-04-10 20:54:25] ERROR: Error en la configuración del mailer: Invalid address:  (From): 
[2025-04-10 21:06:17] ERROR: Error en la configuración del mailer: Invalid address:  (From): 
[2025-04-10 21:37:33] ERROR: Error en la configuración del mailer: Invalid address:  (From): 
[2025-04-10 21:40:51] ERROR: Error en la configuración del mailer: Invalid address:  (From): 
[2025-04-10 21:41:55] ERROR: Error en la configuración del mailer: Invalid address:  (From): 
[2025-04-10 21:44:46] ERROR: Error en la configuración del mailer: Invalid address:  (From): 
