[2025-04-04 00:02:15] === NUEVA ORDEN ===
[2025-04-04 00:02:15] POST recibido: Array
(
)

[2025-04-04 00:02:15] Verificando campos requeridos...
[2025-04-04 00:02:15] Campo faltante: fullname
[2025-04-04 00:02:15] ERROR: Campo requerido faltante: fullname
[2025-04-04 00:02:15] Stack trace: #0 {main}
[2025-04-04 00:02:15] === FIN DEL PROCESO ===

[2025-04-04 03:49:03] === NUEVA ORDEN ===
[2025-04-04 03:49:03] POST recibido: Array
(
    [fullname] => Francisco Gonzalez
    [email] => franciscogzz03@hotmail.com
    [phone] => 8123584236
    [street] => Felicitos Guajardo #1008
    [colonia] => El yerbaniz
    [city] => Monterrey
    [state] => Nuevo Leon
    [postal] => 67302
    [payment_id] => 96897519CS6715540
    [cart_items] => [{"id":"1743731300696","title":"Barcelona Local 24/25","price":799,"size":"S","quantity":1,"image":"http://localhost/JersixMx/img/Jerseys/67eae499e5b65.jpg","isGiftCard":false,"personalization":null}]
)

[2025-04-04 03:49:03] Verificando campos requeridos...
[2025-04-04 03:49:03] Decodificando items del carrito...
[2025-04-04 03:49:03] Items del carrito: Array
(
    [0] => Array
        (
            [id] => 1743731300696
            [title] => Barcelona Local 24/25
            [price] => 799
            [size] => S
            [quantity] => 1
            [image] => http://localhost/JersixMx/img/Jerseys/67eae499e5b65.jpg
            [isGiftCard] => 
            [personalization] => 
        )

)

[2025-04-04 03:49:03] Conectando a la base de datos...
[2025-04-04 03:49:03] Conexión exitosa
[2025-04-04 03:49:03] Transacción iniciada
[2025-04-04 03:49:03] Insertando orden con datos: Array
(
    [:name] => Francisco Gonzalez
    [:email] => franciscogzz03@hotmail.com
    [:phone] => 8123584236
    [:street] => Felicitos Guajardo #1008
    [:colony] => El yerbaniz
    [:city] => Monterrey
    [:state] => Nuevo Leon
    [:zip] => 67302
    [:payment_id] => 96897519CS6715540
)

[2025-04-04 03:49:03] Rollback de la transacción
[2025-04-04 03:49:03] ERROR: SQLSTATE[42S22]: Column not found: 1054 Unknown column 'payment_status' in 'field list'
[2025-04-04 03:49:03] Stack trace: #0 /Applications/XAMPP/xamppfiles/htdocs/JersixMx/process_order.php(103): PDOStatement->execute(Array)
#1 {main}
[2025-04-04 03:49:03] === FIN DEL PROCESO ===

[2025-04-04 03:51:58] === NUEVA ORDEN ===
[2025-04-04 03:51:58] POST recibido: Array
(
    [fullname] => Francisco Gonzalez
    [email] => franciscogzz03@hotmail.com
    [phone] => 8123584236
    [street] => Felicitos Guajardo #1008
    [colonia] => El yerbaniz
    [city] => Monterrey
    [state] => Nuevo Leon
    [postal] => 67302
    [payment_id] => 7TA94842KB127402J
    [cart_items] => [{"id":"1743731300696","title":"Barcelona Local 24/25","price":799,"size":"S","quantity":1,"image":"http://localhost/JersixMx/img/Jerseys/67eae499e5b65.jpg","isGiftCard":false,"personalization":null}]
)

[2025-04-04 03:51:58] Verificando campos requeridos...
[2025-04-04 03:51:58] Decodificando items del carrito...
[2025-04-04 03:51:58] Items del carrito: Array
(
    [0] => Array
        (
            [id] => 1743731300696
            [title] => Barcelona Local 24/25
            [price] => 799
            [size] => S
            [quantity] => 1
            [image] => http://localhost/JersixMx/img/Jerseys/67eae499e5b65.jpg
            [isGiftCard] => 
            [personalization] => 
        )

)

[2025-04-04 03:51:58] Conectando a la base de datos...
[2025-04-04 03:51:58] Conexión exitosa
[2025-04-04 03:51:58] Transacción iniciada
[2025-04-04 03:51:58] Insertando orden con datos: Array
(
    [:name] => Francisco Gonzalez
    [:email] => franciscogzz03@hotmail.com
    [:phone] => 8123584236
    [:street] => Felicitos Guajardo #1008
    [:colony] => El yerbaniz
    [:city] => Monterrey
    [:state] => Nuevo Leon
    [:zip] => 67302
    [:payment_id] => 7TA94842KB127402J
)

[2025-04-04 03:51:58] Rollback de la transacción
[2025-04-04 03:51:58] ERROR: SQLSTATE[42S22]: Column not found: 1054 Unknown column 'payment_status' in 'field list'
[2025-04-04 03:51:58] Stack trace: #0 /Applications/XAMPP/xamppfiles/htdocs/JersixMx/process_order.php(103): PDOStatement->execute(Array)
#1 {main}
[2025-04-04 03:51:58] === FIN DEL PROCESO ===

[2025-04-04 03:56:55] === NUEVA ORDEN ===
[2025-04-04 03:56:55] POST recibido: Array
(
    [fullname] => Francisco Gonzalez
    [email] => franciscogzz03@hotmail.com
    [phone] => 8123584236
    [street] => Felicitos Guajardo #1008
    [colonia] => El yerbaniz
    [city] => Monterrey
    [state] => Nuevo Leon
    [postal] => 67302
    [payment_id] => 3EC32842WK210661V
    [cart_items] => [{"id":"1743731300696","title":"Barcelona Local 24/25","price":799,"size":"S","quantity":1,"image":"http://localhost/JersixMx/img/Jerseys/67eae499e5b65.jpg","isGiftCard":false,"personalization":null}]
)

[2025-04-04 03:56:55] Verificando campos requeridos...
[2025-04-04 03:56:55] Decodificando items del carrito...
[2025-04-04 03:56:55] Items del carrito: Array
(
    [0] => Array
        (
            [id] => 1743731300696
            [title] => Barcelona Local 24/25
            [price] => 799
            [size] => S
            [quantity] => 1
            [image] => http://localhost/JersixMx/img/Jerseys/67eae499e5b65.jpg
            [isGiftCard] => 
            [personalization] => 
        )

)

[2025-04-04 03:56:55] Conectando a la base de datos...
[2025-04-04 03:56:55] Conexión exitosa
[2025-04-04 03:56:55] Transacción iniciada
[2025-04-04 03:56:55] Insertando orden con datos: Array
(
    [:name] => Francisco Gonzalez
    [:email] => franciscogzz03@hotmail.com
    [:phone] => 8123584236
    [:street] => Felicitos Guajardo #1008
    [:colony] => El yerbaniz
    [:city] => Monterrey
    [:state] => Nuevo Leon
    [:zip] => 67302
    [:payment_id] => 3EC32842WK210661V
)

[2025-04-04 03:56:55] Rollback de la transacción
[2025-04-04 03:56:55] ERROR: SQLSTATE[42S22]: Column not found: 1054 Unknown column 'payment_status' in 'field list'
[2025-04-04 03:56:55] Stack trace: #0 /Applications/XAMPP/xamppfiles/htdocs/JersixMx/process_order.php(103): PDOStatement->execute(Array)
#1 {main}
[2025-04-04 03:56:55] === FIN DEL PROCESO ===

[2025-04-04 03:58:59] === NUEVA ORDEN ===
[2025-04-04 03:58:59] POST recibido: Array
(
    [fullname] => Francisco Gonzalez
    [email] => franciscogzz03@hotmail.com
    [phone] => 8123584236
    [street] => Felicitos Guajardo #1008
    [colonia] => El yerbaniz
    [city] => Monterrey
    [state] => Nuevo Leon
    [postal] => 67302
    [payment_id] => 7NF50872W3364221Y
    [cart_items] => [{"id":"1743731300696","title":"Barcelona Local 24/25","price":799,"size":"S","quantity":1,"image":"http://localhost/JersixMx/img/Jerseys/67eae499e5b65.jpg","isGiftCard":false,"personalization":null}]
)

[2025-04-04 03:58:59] Verificando campos requeridos...
[2025-04-04 03:58:59] Decodificando items del carrito...
[2025-04-04 03:58:59] Items del carrito: Array
(
    [0] => Array
        (
            [id] => 1743731300696
            [title] => Barcelona Local 24/25
            [price] => 799
            [size] => S
            [quantity] => 1
            [image] => http://localhost/JersixMx/img/Jerseys/67eae499e5b65.jpg
            [isGiftCard] => 
            [personalization] => 
        )

)

[2025-04-04 03:58:59] Conectando a la base de datos...
[2025-04-04 03:58:59] Conexión exitosa
[2025-04-04 03:58:59] Transacción iniciada
[2025-04-04 03:58:59] Insertando orden con datos: Array
(
    [:name] => Francisco Gonzalez
    [:email] => franciscogzz03@hotmail.com
    [:phone] => 8123584236
    [:street] => Felicitos Guajardo #1008
    [:colony] => El yerbaniz
    [:city] => Monterrey
    [:state] => Nuevo Leon
    [:zip] => 67302
    [:payment_id] => 7NF50872W3364221Y
)

[2025-04-04 03:58:59] Orden creada con ID: 6
[2025-04-04 03:58:59] Insertando items de la orden...
[2025-04-04 03:58:59] Insertando item: Array
(
    [:order_id] => 6
    [:product_name] => Barcelona Local 24/25
    [:quantity] => 1
    [:price] => 799
    [:size] => S
)

[2025-04-04 03:58:59] Rollback de la transacción
[2025-04-04 03:58:59] ERROR: SQLSTATE[42S22]: Column not found: 1054 Unknown column 'product_name' in 'field list'
[2025-04-04 03:58:59] Stack trace: #0 /Applications/XAMPP/xamppfiles/htdocs/JersixMx/process_order.php(135): PDOStatement->execute(Array)
#1 {main}
[2025-04-04 03:58:59] === FIN DEL PROCESO ===

[2025-04-04 04:07:42] === NUEVA ORDEN ===
[2025-04-04 04:07:42] POST recibido: Array
(
    [fullname] => Francisco Gonzalez
    [email] => franciscogzz03@hotmail.com
    [phone] => 8123584236
    [street] => Felicitos Guajardo #1008
    [colonia] => El yerbaniz
    [city] => Monterrey
    [state] => Nuevo Leon
    [postal] => 67302
    [payment_id] => 4AV670071Y543913W
    [cart_items] => [{"id":"1743731300696","title":"Barcelona Local 24/25","price":799,"size":"S","quantity":1,"image":"http://localhost/JersixMx/img/Jerseys/67eae499e5b65.jpg","isGiftCard":false,"personalization":null}]
)

[2025-04-04 04:07:42] Verificando campos requeridos...
[2025-04-04 04:07:42] Decodificando items del carrito...
[2025-04-04 04:07:42] Items del carrito: Array
(
    [0] => Array
        (
            [id] => 1743731300696
            [title] => Barcelona Local 24/25
            [price] => 799
            [size] => S
            [quantity] => 1
            [image] => http://localhost/JersixMx/img/Jerseys/67eae499e5b65.jpg
            [isGiftCard] => 
            [personalization] => 
        )

)

[2025-04-04 04:07:42] Conectando a la base de datos...
[2025-04-04 04:07:42] Conexión exitosa
[2025-04-04 04:07:42] Transacción iniciada
[2025-04-04 04:07:42] Insertando orden con datos: Array
(
    [:name] => Francisco Gonzalez
    [:email] => franciscogzz03@hotmail.com
    [:phone] => 8123584236
    [:street] => Felicitos Guajardo #1008
    [:colony] => El yerbaniz
    [:city] => Monterrey
    [:state] => Nuevo Leon
    [:zip] => 67302
    [:payment_id] => 4AV670071Y543913W
)

[2025-04-04 04:07:42] Orden creada con ID: 7
[2025-04-04 04:07:42] Insertando items de la orden...
[2025-04-04 04:07:42] Insertando item: Array
(
    [:order_id] => 7
    [:product_id] => 3
    [:quantity] => 1
    [:price] => 799
    [:size] => S
)

[2025-04-04 04:07:42] Transacción completada exitosamente
[2025-04-04 04:07:42] === FIN DEL PROCESO ===

